[
  -0.07721628383415412,
  0.03673409050198489,
  0.03330454097121675,
  0.02108989652240076,
  -0.031751226672150155,
  -0.002696639549431111,
  -0.04909326037047926,
  -0.012217435974202587,
  0.021918372141368304,
  -0.04907746934157675,
  -0.051221672782060725,
  -0.07480958737533583,
  0.006425653074367868,
  0.04452357794339675,
  0.09581140635971289,
  0.019036522849333732,
  -0.00844384495910596,
  0.10933875708540869,
  -0.017508018680764223,
  -0.049802242625170634,
  0.09278090358391061,
  -0.10388749391167917,
  0.0490493211316716,
  -0.01149763019952789,
  0.011815127116102553,
  0.028726760708876573,
  -0.018008032568614954,
  -0.012405524551682591,
  0.011937120352948754,
  -0.2536963792720191,
  0.04287125346486182,
  -0.0008323597076777072,
  0.054064878436629174,
  0.018226824089799185,
  -0.02702755803486891,
  -0.0024044173245031898,
  -0.029900891924360053,
  0.03325537111453494,
  -0.019999080589877028,
  0.07990856146932825,
  0.06533740135938457,
  0.06488943672683052,
  -0.004235704816287359,
  -0.060927275487657855,
  -0.00821540333504179,
  -0.08011260570762774,
  -0.009879743361592074,
  0.005689940570499701,
  -0.11978584268192018,
  0.002480067248694186,
  -0.022736042813988853,
  -0.055639922971858734,
  0.008868843187708772,
  0.048105368592987675,
  0.009688544943661408,
  0.07770477054013947,
  0.033505988642308235,
  0.04313793931375243,
  -0.06089914074331399,
  0.010146139907831319,
  -0.00032565927688510974,
  0.03858134267105891,
  -0.11875221745471852,
  0.030614390315302494,
  -0.007890247494719647,
  0.05553507623247837,
  0.00012784924054059377,
  0.043125472439505666,
  0.03592858104584401,
  0.062320637106356824,
  0.026433563875341633,
  0.025127616616537004,
  0.02072775920328471,
  0.05008119291778747,
  0.019655818298846228,
  0.0363700581052526,
  0.058255223114299114,
  0.03117849188987927,
  0.005073545624396465,
  -0.004438368554081331,
  0.04453898792783071,
  -0.04776315481783071,
  0.03373170564791643,
  -0.022939792763301173,
  -0.04987873401652992,
  -0.036298928452829476,
  -0.05403870340656634,
  -0.07460215310727415,
  0.0028415971582774363,
  0.005172197894108309,
  -0.004534972637676425,
  -0.045785055952708875,
  -0.003656628336833972,
  0.0243611512094889,
  -0.0035575575588952875,
  -0.0634809157634224,
  0.05959431708275042,
  0.05550059231020512,
  -0.04649394239342068,
  0.08003195249949403,
  -0.03443519901686733,
  0.007453773074420632,
  0.01278637727412715,
  -0.0328927035278964,
  0.06874311022419152,
  -0.030776266551874078,
  -0.008322292878925707,
  0.030770188404906175,
  -0.01817705568220649,
  -0.053685320851408834,
  -0.05030654945801186,
  0.01755124084467794,
  0.016327030072219282,
  -0.04274690618906955,
  0.013032724661715553,
  0.0005661756110457446,
  0.11181748897700983,
  -0.04039475686915285,
  -0.018091400675759737,
  -0.019892968562454805,
  -0.09072105353989499,
  0.05720035835644463,
  -0.0062411709862175676,
  -0.040451447989065546,
  0.05589081333265334,
  -0.020053057657213363,
  0.01294394513838699,
  0.04732399732058223,
  0.06910323931191409,
  -0.0015432021141139928,
  0.0013588505499294893,
  -0.002153969724030805,
  -0.11092048669816178,
  -0.009667739826655756,
  -0.0008653606625861407,
  -0.013509804845167797,
  0.007166971373581447,
  -0.03199036976739966,
  0.03151459650644314,
  0.018749511260654987,
  -0.032406017544243326,
  -0.006601804284596164,
  0.0612233653114207,
  -0.017467673747087936,
  -0.07748662905538485,
  0.17064701139006735,
  -0.043795966542782026,
  -0.00814597362396265,
  -0.08436273954143525,
  -0.08628206552678196,
  -0.013893719400811595,
  0.017682670097579272,
  -0.011669933721486232,
  -0.0568895662752522,
  0.04416756926832967,
  0.030705208249751106,
  0.0059596278079069144,
  0.04746289690392567,
  -0.09539810896125187,
  -0.021489255543497756,
  -0.031149457491765002,
  -0.010084750160232728,
  0.020875000777447562,
  0.0746025860688591,
  0.0012897902079432966,
  -0.09556208749446862,
  -0.04418200345856407,
  0.00848427687199294,
  0.06921669091911324,
  -0.03513394082177144,
  0.05730893435284975,
  -0.031200774267762903,
  -0.032026003797322705,
  0.0719278845617645,
  -0.0074665098122287344,
  0.06425974250412028,
  -0.11979344576379897,
  -0.07140269039300268,
  -0.0000578039085183844,
  0.02142462197217583,
  -0.013333310850523916,
  -0.10001510385300195,
  -0.013358313588760199,
  0.015400904905325034,
  -0.001705041185074871,
  -0.048796064137674136,
  -0.00480687515009901,
  -0.04905916053469805,
  0.0430596891755189,
  -0.017031852810343168,
  -0.03715538203556791,
  0.06935146448392415,
  0.007398966823214443,
  0.0013078993664001495,
  0.005321833992578204,
  -0.06652461238877541,
  0.010494951504939244,
  -0.0011293835260943587,
  0.01751135715444066,
  -0.003065753930913437,
  0.07851992064695448,
  0.03082958586907396,
  -0.05169484594289748,
  0.0017977170787729444,
  -0.036753057451370516,
  -0.04094793193724229,
  -0.02300181182365676,
  0.024229657751797737,
  0.01336255147480516,
  0.01380387689945796,
  -0.025844722668057457,
  -0.012503250084241916,
  0.028528755680906202,
  -0.020926123834053584,
  0.012635842145282423,
  -0.008472738587933536,
  0.053485296326724774,
  0.047611063579071064,
  0.0006963245395187026,
  0.07042285893741268,
  0.00048018510659364553,
  -0.010961959994844764,
  -0.057043090306363994,
  -0.1974737019488592,
  -0.014179257695096719,
  0.0330110949862464,
  -0.02539503293071897,
  0.018673139811520936,
  -0.11227664322371214,
  0.02736580919533618,
  0.0370082528198612,
  0.08568556642604631,
  -0.0015256829599458472,
  0.003129081764553547,
  -0.06069497828604965,
  -0.045208238374524354,
  0.031892779157134635,
  -0.007244611129463906,
  0.041857828322694385,
  0.026143843700739727,
  0.039781359032733984,
  0.0019793245887913015,
  0.008442034658302662,
  -0.005564627404615095,
  0.06822827355529046,
  -0.0250539147314178,
  -0.03386717223287575,
  -0.004528702939835815,
  -0.06706439246744574,
  0.16523152812821945,
  -0.021851918329507287,
  0.01160078624973976,
  -0.053823307075275766,
  0.024284951308195864,
  0.04019046876507124,
  -0.06388068425495849,
  -0.11495185955035303,
  0.06364589942385326,
  0.006954980633181792,
  -0.004685548260317881,
  0.061929793375125226,
  0.05149537135268684,
  -0.002085117403597987,
  -0.05005918324253758,
  -0.024366647481876617,
  0.040121510261500584,
  -0.10094671712191862,
  -0.03704038535417239,
  0.03598045771549219,
  -0.0035413462824351056,
  -0.014917437079263282,
  -0.02082748759506909,
  0.0773772346158173,
  0.022796345246428533,
  -0.027544285972017028,
  0.0708046180275865,
  -0.00016538339366623214,
  -0.08281703716149341,
  0.019576778040145973,
  -0.03694864930487185,
  -0.0018202413099594422,
  -0.0017137697544342826,
  -0.03262180018434539,
  0.032146156787098104,
  -0.02127089314866744,
  0.006371689747922576,
  -0.041199251557797766,
  0.006348596423126951,
  0.0004430329602350761,
  -0.012238490658134763,
  0.04092670579081257,
  -0.027072544671692598,
  -0.06618581978761172,
  -0.07642642171997287,
  0.01792526318892189,
  -0.06015147032036074,
  0.02552605146512069,
  0.03020499327113067,
  0.04539101185202955,
  0.04079398414601408,
  -0.005175313229856142,
  -0.04198484405925993,
  -0.0001357680343564719,
  0.09782340896459005,
  -0.006839453800830024,
  0.08118902426361686,
  0.015211266704105091,
  0.034678929587859925,
  0.061408963791815714,
  0.07392625054809264,
  -0.0033760179228076686,
  0.028667807678379318,
  0.02452959276040139,
  -0.004050085654549481,
  -0.012345206996111071,
  -0.08661990268485593,
  -0.03279615717359027,
  0.03369076391928512,
  -0.01162921268178934,
  -0.2267201770437448,
  0.03644331799253345,
  0.03159700591334755,
  0.017643164463383976,
  -0.04183027431603854,
  0.05839200678868229,
  0.03497204631415391,
  -0.07262854099233415,
  0.017594373141912346,
  0.0006024188227559005,
  -0.0362942911700181,
  0.07609737848174576,
  0.049190762318313784,
  -0.06036494341779305,
  -0.030329689385401305,
  -0.004143732958127871,
  0.09534493081500142,
  0.005635878088480347,
  0.06950641934430332,
  -0.02020758395207773,
  -0.015086795444060394,
  0.029584101865876095,
  0.19530618791200743,
  -0.040940159821007995,
  0.021725632102484765,
  0.035004174161882076,
  -0.017903103095778597,
  -0.03719464837957445,
  0.041764846242192094,
  -0.008395505442750474,
  -0.0005114465659160063,
  -0.009767935564766395,
  0.13643678752752653,
  -0.030347138577699807,
  -0.029030014747734756,
  0.030821266889461976,
  0.0360576020141863,
  0.01840332696032469,
  0.08293414995797989,
  0.010293863777083538,
  0.10812981963695736,
  -0.013510397320818684,
  -0.03452184602126331,
  -0.03410209504987496,
  0.04596146420601065,
  0.016139266405652376,
  0.050478708467432416,
  -0.03166226075315077,
  -0.016492466899577018,
  -0.0016510534701017162,
  -0.019969256934965825,
  0.014208859166280991,
  -0.011347508889695818,
  0.004744183432720709,
  0.0441796439600511,
  0.014202122156479506,
  0.005959273942531491,
  -0.06672595753227045,
  -0.0004093331222663452,
  -0.03379551247361618,
  0.011802135808715192,
  -0.029877899908912025,
  -0.03359415309554427,
  0.016834085737284316,
  -0.009389991132226373
]
